0 info it worked if it ends with ok
1 verbose cli [ '/usr/bin/nodejs', '/usr/bin/npm', 'run', 'test' ]
2 info using npm@3.7.3
3 info using node@v5.9.0
4 verbose run-script [ 'pretest', 'test', 'posttest' ]
5 info lifecycle minty@0.1.3~pretest: minty@0.1.3
6 silly lifecycle minty@0.1.3~pretest: no script for pretest, continuing
7 info lifecycle minty@0.1.3~test: minty@0.1.3
8 verbose lifecycle minty@0.1.3~test: unsafe-perm in lifecycle true
9 verbose lifecycle minty@0.1.3~test: PATH: /usr/lib/node_modules/npm/bin/node-gyp-bin:/home/ted/Documents/minty/node_modules/.bin:/usr/bin:/usr/local/heroku/bin:/usr/local/sbin:/usr/local/bin:/usr/sbin:/usr/bin:/sbin:/bin:/usr/games:/usr/local/games
10 verbose lifecycle minty@0.1.3~test: CWD: /home/ted/Documents/minty
11 silly lifecycle minty@0.1.3~test: Args: [ '-c', 'node_modules/mocha/bin/mocha ./test' ]
12 silly lifecycle minty@0.1.3~test: Returned: code: 1  signal: null
13 info lifecycle minty@0.1.3~test: Failed to exec test script
14 verbose stack Error: minty@0.1.3 test: `node_modules/mocha/bin/mocha ./test`
14 verbose stack Exit status 1
14 verbose stack     at EventEmitter.<anonymous> (/usr/lib/node_modules/npm/lib/utils/lifecycle.js:239:16)
14 verbose stack     at emitTwo (events.js:100:13)
14 verbose stack     at EventEmitter.emit (events.js:185:7)
14 verbose stack     at ChildProcess.<anonymous> (/usr/lib/node_modules/npm/lib/utils/spawn.js:24:14)
14 verbose stack     at emitTwo (events.js:100:13)
14 verbose stack     at ChildProcess.emit (events.js:185:7)
14 verbose stack     at maybeClose (internal/child_process.js:850:16)
14 verbose stack     at Process.ChildProcess._handle.onexit (internal/child_process.js:215:5)
15 verbose pkgid minty@0.1.3
16 verbose cwd /home/ted/Documents/minty
17 error Linux 3.19.0-56-generic
18 error argv "/usr/bin/nodejs" "/usr/bin/npm" "run" "test"
19 error node v5.9.0
20 error npm  v3.7.3
21 error code ELIFECYCLE
22 error minty@0.1.3 test: `node_modules/mocha/bin/mocha ./test`
22 error Exit status 1
23 error Failed at the minty@0.1.3 test script 'node_modules/mocha/bin/mocha ./test'.
23 error Make sure you have the latest version of node.js and npm installed.
23 error If you do, this is most likely a problem with the minty package,
23 error not with npm itself.
23 error Tell the author that this fails on your system:
23 error     node_modules/mocha/bin/mocha ./test
23 error You can get information on how to open an issue for this project with:
23 error     npm bugs minty
23 error Or if that isn't available, you can get their info via:
23 error     npm owner ls minty
23 error There is likely additional logging output above.
24 verbose exit [ 1, true ]
